<?xml version="1.0" encoding="UTF-8"?>
<testsuite xmlns:xsi="http://www.w3.org/2001/XMLSchema-instance" xsi:noNamespaceSchemaLocation="https://maven.apache.org/surefire/maven-surefire-plugin/xsd/surefire-test-report-3.0.xsd" version="3.0" name="TestSuite" time="56.753" tests="4" errors="0" skipped="0" failures="1">
  <properties>
[...]
</properties>
  <testcase name="basePageNavigation" classname="Academy.HomePage" time="20.072"/>
  <testcase name="basePageNavigation" classname="Academy.HomePage" time="13.09"/>
  <testcase name="validateAppTitle" classname="Academy.validateTitle" time="0.78">
    <failure message="expected [FEATURED CO123URSES] but found [FEATURED COURSES]" type="java.lang.AssertionError"><![CDATA[java.lang.AssertionError: expected [FEATURED CO123URSES] but found [FEATURED COURSES]
	at Academy.validateTitle.validateAppTitle(validateTitle.java:43)
]]></failure>
    <system-out><![CDATA[chrome
]]></system-out>
    <system-err><![CDATA[Starting ChromeDriver 81.0.4044.138 (8c6c7ba89cc9453625af54f11fd83179e23450fa-refs/branch-heads/4044@{#999}) on port 10001
Only local connections are allowed.
Please protect ports used by ChromeDriver and related test frameworks to prevent access by malicious code.
May 16, 2020 12:59:16 PM org.openqa.selenium.remote.ProtocolHandshake createSession
INFO: Detected dialect: W3C
[1589648358.014][SEVERE]: Timed out receiving message from renderer: 0.100
[1589648358.116][SEVERE]: Timed out receiving message from renderer: 0.100
[1589648358.218][SEVERE]: Timed out receiving message from renderer: 0.100
[1589648358.323][SEVERE]: Timed out receiving message from renderer: 0.100
[1589648358.426][SEVERE]: Timed out receiving message from renderer: 0.100
[1589648358.529][SEVERE]: Timed out receiving message from renderer: 0.100
[1589648358.630][SEVERE]: Timed out receiving message from renderer: 0.100
[1589648358.732][SEVERE]: Timed out receiving message from renderer: 0.100
[1589648358.837][SEVERE]: Timed out receiving message from renderer: 0.100
[1589648358.940][SEVERE]: Timed out receiving message from renderer: 0.100
[1589648359.683][SEVERE]: Timed out receiving message from renderer: 0.100
[1589648359.788][SEVERE]: Timed out receiving message from renderer: 0.100
[1589648360.044][SEVERE]: Timed out receiving message from renderer: 0.100
]]></system-err>
  </testcase>
  <testcase name="validateAppNavBar" classname="Academy.validateNavigationBar" time="0.124"/>
</testsuite>