-------------------------------------------------------------------------------
Test set: TestSuite
-------------------------------------------------------------------------------
Tests run: 4, Failures: 1, Errors: 0, Skipped: 0, Time elapsed: 56.753 s <<< FAILURE! - in TestSuite
Academy.validateTitle.validateAppTitle  Time elapsed: 0.78 s  <<< FAILURE!
java.lang.AssertionError: expected [FEATURED CO123URSES] but found [FEATURED COURSES]
	at Academy.validateTitle.validateAppTitle(validateTitle.java:43)

